C51 COMPILER V9.52.0.0   ALGORITHM                                                         02/22/2019 20:06:04 PAGE 1   


C51 COMPILER V9.52.0.0, COMPILATION OF MODULE ALGORITHM
OBJECT MODULE PLACED IN .\objects\algorithm.obj
COMPILER INVOKED BY: C:\Keil\C51\BIN\C51.EXE algorithm\algorithm.c LARGE BROWSE INCDIR(.\eeprom;.\IR;.\uart;.\delay;.\bu
                    -zzer;.\rtc;.\pw_switch;.\time2) DEBUG OBJECTEXTEND PRINT(.\objects\algorithm.lst) TABS(2) OBJECT(.\objects\algorithm.obj
                    -)

line level    source

   1          #include "algorithm.h"
   2          
   3          
   4          unsigned int v[2]={5263695615,5555555555},k[4]={32,20,30,43};
   5          //V 是 要加密解密的数据
   6          //K 是 加密解密密钥
   7          
   8          
   9          /******************************************
  10          *函数名称：encrypt
  11          *输入参数：无
  12          *输出参数：无
  13          *函数功能：加密算法
  14          *备    注：
  15          *******************************************/
  16          void encrypt (unsigned int* v, unsigned int* k) 
  17          {
  18   1          unsigned int v0=v[0], v1=v[1], sum=0, i;           /* set up */
  19   1          unsigned int delta=0x9e3779b9;                     /* a key schedule constant */
  20   1          unsigned int k0=k[0], k1=k[1], k2=k[2], k3=k[3];   /* cache key */
  21   1          
  22   1          for (i=0; i < 32; i++) 
  23   1          {                                                  /* basic cycle start */
  24   2              sum += delta;
  25   2              v0 += ((v1<<4) + k0) ^ (v1 + sum) ^ ((v1>>5) + k1);
  26   2              v1 += ((v0<<4) + k2) ^ (v0 + sum) ^ ((v0>>5) + k3);
  27   2          }                                                  /* end cycle */
  28   1          v[0]=v0; v[1]=v1;
  29   1      }
  30          
  31          /******************************************
  32          *函数名称：decrypt
  33          *输入参数：无
  34          *输出参数：无
  35          *函数功能：解密算法
  36          *备    注：
  37          *******************************************/
  38          void decrypt (unsigned int* v, unsigned int* k) 
  39          {
  40   1          unsigned int v0=v[0], v1=v[1], sum=0xC6EF3720, i;  /* set up */
  41   1          unsigned int delta=0x9e3779b9;                     /* a key schedule constant */
  42   1          unsigned int k0=k[0], k1=k[1], k2=k[2], k3=k[3];   /* cache key */
  43   1          
  44   1          for (i=0; i<32; i++) 
  45   1          {                                                  /* basic cycle start */
  46   2              v1 -= ((v0<<4) + k2) ^ (v0 + sum) ^ ((v0>>5) + k3);
  47   2              v0 -= ((v1<<4) + k0) ^ (v1 + sum) ^ ((v1>>5) + k1);
  48   2              sum -= delta;
  49   2          }                                                  /* end cycle */
  50   1          v[0]=v0; v[1]=v1;
  51   1      }
  52          

C51 COMPILER V9.52.0.0   ALGORITHM                                                         02/22/2019 20:06:04 PAGE 2   


MODULE INFORMATION:   STATIC OVERLAYABLE
   CODE SIZE        =    887    ----
   CONSTANT SIZE    =   ----    ----
   XDATA SIZE       =     12      48
   PDATA SIZE       =   ----    ----
   DATA SIZE        =   ----    ----
   IDATA SIZE       =   ----    ----
   BIT SIZE         =   ----    ----
END OF MODULE INFORMATION.


C51 COMPILATION COMPLETE.  0 WARNING(S),  0 ERROR(S)
