C51 COMPILER V9.52.0.0   AT24C02                                                           02/18/2019 17:26:40 PAGE 1   


C51 COMPILER V9.52.0.0, COMPILATION OF MODULE AT24C02
OBJECT MODULE PLACED IN .\objects\at24c02.obj
COMPILER INVOKED BY: C:\Keil\C51\BIN\C51.EXE eeprom\at24c02.c BROWSE INCDIR(.\eeprom;.\IR;.\uart;.\delay;.\buzzer) DEBUG
                    - OBJECTEXTEND PRINT(.\objects\at24c02.lst) TABS(2) OBJECT(.\objects\at24c02.obj)

line level    source

   1          #include "at24c02.h"
   2          #include "i2c.h"
   3          
   4          /*******************************************************************************
   5          * 函 数 名         : void At24c02Write(unsigned char addr,unsigned char dat)
   6          * 函数功能       : 往24c02的一个地址写入一个数据
   7          * 输    入         : 无
   8          * 输    出         : 无
   9          *******************************************************************************/
  10          
  11          unsigned char At24c02Write(unsigned char addr,unsigned char dat)
  12          {
  13   1        I2C_Start();
  14   1        I2C_SendByte(0xa0, 1);//发送写器件地址
  15   1        I2C_SendByte(addr, 1);//发送要写入内存地址
  16   1        I2C_SendByte(dat, 0); //发送数据
  17   1        I2C_Stop();
  18   1        
  19   1        return 0;
  20   1      }
  21          /*******************************************************************************
  22          * 函 数 名         : unsigned char At24c02Read(unsigned char addr)
  23          * 函数功能       : 读取24c02的一个地址的一个数据
  24          * 输    入         : 无
  25          * 输    出         : 无
  26          *******************************************************************************/
  27          
  28          unsigned char At24c02Read(unsigned char addr)
  29          {
  30   1        unsigned char num;
  31   1        I2C_Start();
  32   1        I2C_SendByte(0xa0, 1); //发送写器件地址
  33   1        I2C_SendByte(addr, 1); //发送要读取的地址
  34   1        I2C_Start();
  35   1        I2C_SendByte(0xa1, 1); //发送读器件地址
  36   1        num=I2C_ReadByte(); //读取数据
  37   1        I2C_Stop();
  38   1        
  39   1        return num; 
  40   1      }
  41          
  42          unsigned char  read_id(unsigned char addr)
  43          {
  44   1        unsigned char num;
  45   1        
  46   1        num = At24c02Read(addr);
  47   1        
  48   1        return num; 
  49   1      
  50   1      }


MODULE INFORMATION:   STATIC OVERLAYABLE
   CODE SIZE        =     78    ----
C51 COMPILER V9.52.0.0   AT24C02                                                           02/18/2019 17:26:40 PAGE 2   

   CONSTANT SIZE    =   ----    ----
   XDATA SIZE       =   ----    ----
   PDATA SIZE       =   ----    ----
   DATA SIZE        =   ----       4
   IDATA SIZE       =   ----    ----
   BIT SIZE         =   ----    ----
END OF MODULE INFORMATION.


C51 COMPILATION COMPLETE.  0 WARNING(S),  0 ERROR(S)
