C51 COMPILER V9.52.0.0   BUZZER                                                            02/22/2019 20:06:04 PAGE 1   


C51 COMPILER V9.52.0.0, COMPILATION OF MODULE BUZZER
OBJECT MODULE PLACED IN .\objects\buzzer.obj
COMPILER INVOKED BY: C:\Keil\C51\BIN\C51.EXE buzzer\buzzer.c LARGE BROWSE INCDIR(.\eeprom;.\IR;.\uart;.\delay;.\buzzer;.
                    -\rtc;.\pw_switch;.\time2) DEBUG OBJECTEXTEND PRINT(.\objects\buzzer.lst) TABS(2) OBJECT(.\objects\buzzer.obj)

line level    source

   1          #include "buzzer.h"
   2          
   3          
   4          sbit BUZZER = P3^7;
   5          
   6          /******************************************
   7          *函数名称：buzzer_init
   8          *输入参数：无
   9          *输出参数：无
  10          *函数功能：蜂鸣器初始化
  11          *备    注：
  12          *******************************************/
  13          void buzzer_init(void)
  14          {
  15   1      
  16   1      
  17   1      
  18   1      
  19   1      
  20   1      }
  21          
  22          /******************************************
  23          *函数名称：fast_beep
  24          *输入参数：无
  25          *输出参数：无
  26          *函数功能：快速
  27          *备    注：
  28          *******************************************/
  29          void fast_beep(void)
  30          {
  31   1      
  32   1      
  33   1      }
  34          
  35          
  36          /******************************************
  37          *函数名称：short_beep
  38          *输入参数：无
  39          *输出参数：无
  40          *函数功能：短叫
  41          *备    注：
  42          *******************************************/
  43          void short_beep(void)
  44          {
  45   1      
  46   1      
  47   1      
  48   1      
  49   1      }
  50          
  51          /******************************************
  52          *函数名称：long_beep
  53          *输入参数：无
  54          *输出参数：无
C51 COMPILER V9.52.0.0   BUZZER                                                            02/22/2019 20:06:04 PAGE 2   

  55          *函数功能：长叫
  56          *备    注：
  57          *******************************************/
  58          void long_beep(void)
  59          {
  60   1      
  61   1      
  62   1      
  63   1      }
  64          
  65          /******************************************
  66          *函数名称：normal_beep
  67          *输入参数：无
  68          *输出参数：无
  69          *函数功能：正常叫
  70          *备    注：
  71          *******************************************/
  72          void normal_beep(void)
  73          {
  74   1      
  75   1      
  76   1      
  77   1      }


MODULE INFORMATION:   STATIC OVERLAYABLE
   CODE SIZE        =      5    ----
   CONSTANT SIZE    =   ----    ----
   XDATA SIZE       =   ----    ----
   PDATA SIZE       =   ----    ----
   DATA SIZE        =   ----    ----
   IDATA SIZE       =   ----    ----
   BIT SIZE         =   ----    ----
END OF MODULE INFORMATION.


C51 COMPILATION COMPLETE.  0 WARNING(S),  0 ERROR(S)
