C51 COMPILER V9.52.0.0   DELAY                                                             02/22/2019 20:06:04 PAGE 1   


C51 COMPILER V9.52.0.0, COMPILATION OF MODULE DELAY
OBJECT MODULE PLACED IN .\objects\delay.obj
COMPILER INVOKED BY: C:\Keil\C51\BIN\C51.EXE delay\delay.c LARGE BROWSE INCDIR(.\eeprom;.\IR;.\uart;.\delay;.\buzzer;.\r
                    -tc;.\pw_switch;.\time2) DEBUG OBJECTEXTEND PRINT(.\objects\delay.lst) TABS(2) OBJECT(.\objects\delay.obj)

line level    source

   1          #include "delay.h"
   2          
   3          
   4          /******************************************
   5          *函数名称：delay_us
   6          *输入参数：无
   7          *输出参数：无
   8          *函数功能：微妙级延时
   9          *备    注：
  10          *******************************************/
  11          void delay_us(unsigned int time)
  12          {
  13   1        unsigned int cnt = 0;
  14   1      
  15   1        for(cnt = 0;cnt < time ;cnt ++)
  16   1        {
  17   2          _nop_();
  18   2          _nop_();
  19   2          _nop_();
  20   2        }
  21   1      
  22   1        return;
  23   1      }
  24          
  25          /******************************************
  26          *函数名称：delay_ms
  27          *输入参数：延时时间
  28          *输出参数：无
  29          *函数功能：毫秒级延时
  30          *备    注：
  31          *******************************************/
  32          void delay_ms(unsigned int time)
  33          {
  34   1        
  35   1        int cnt = 0;
  36   1        unsigned char i, j;
  37   1      
  38   1      
  39   1        for(cnt = 0;cnt < time ;cnt ++)
  40   1        {
  41   2          _nop_();
  42   2          _nop_();
  43   2          _nop_();
  44   2          i = 11;
  45   2          j = 190;
  46   2          do
  47   2          {
  48   3            while (--j);
  49   3          } while (--i);
  50   2        }
  51   1      }
  52          
  53          /******************************************
  54          *函数名称：delay_s
C51 COMPILER V9.52.0.0   DELAY                                                             02/22/2019 20:06:04 PAGE 2   

  55          *输入参数：延时时间
  56          *输出参数：无
  57          *函数功能：秒级延时
  58          *备    注：
  59          *******************************************/
  60          void delay_s(unsigned int time)
  61          {
  62   1        int cnt = 0;
  63   1        unsigned char i, j, k;
  64   1      
  65   1        for(cnt = 0;cnt < time ;cnt ++)
  66   1        {
  67   2            _nop_();
  68   2            _nop_();
  69   2            i = 43;
  70   2            j = 6;
  71   2            k = 203;
  72   2            do
  73   2            {
  74   3              do
  75   3              {
  76   4                while (--k);
  77   4              } while (--j);
  78   3            } while (--i);
  79   2        }
  80   1        
  81   1      }


MODULE INFORMATION:   STATIC OVERLAYABLE
   CODE SIZE        =     92    ----
   CONSTANT SIZE    =   ----    ----
   XDATA SIZE       =   ----       1
   PDATA SIZE       =   ----    ----
   DATA SIZE        =   ----    ----
   IDATA SIZE       =   ----    ----
   BIT SIZE         =   ----    ----
END OF MODULE INFORMATION.


C51 COMPILATION COMPLETE.  0 WARNING(S),  0 ERROR(S)
