C51 COMPILER V9.52.0.0   LED                                                               02/22/2019 20:06:03 PAGE 1   


C51 COMPILER V9.52.0.0, COMPILATION OF MODULE LED
OBJECT MODULE PLACED IN .\objects\led.obj
COMPILER INVOKED BY: C:\Keil\C51\BIN\C51.EXE led\led.c LARGE BROWSE INCDIR(.\eeprom;.\IR;.\uart;.\delay;.\buzzer;.\rtc;.
                    -\pw_switch;.\time2) DEBUG OBJECTEXTEND PRINT(.\objects\led.lst) TABS(2) OBJECT(.\objects\led.obj)

line level    source

   1          #include "led.h"
   2          
   3          sbit LED  = P1^5;
   4          
   5          
   6          
   7          /******************************************
   8          *函数名称：LED_init
   9          *输入参数：无
  10          *输出参数：无
  11          *函数功能：LED初始化
  12          *备    注：
  13          *******************************************/
  14          void LED_init(void)
  15          {
  16   1        LED = 0;   //关闭led  
  17   1      }
  18          
  19          /******************************************
  20          *函数名称：LED_light
  21          *输入参数：无
  22          *输出参数：无
  23          *函数功能：LED闪
  24          *备    注：
  25          *******************************************/
  26          void LED_light(void)
  27          {
  28   1        LED = 1;  //打开LED
  29   1      }
  30          /******************************************
  31          *函数名称：LED_off
  32          *输入参数：无
  33          *输出参数：无
  34          *函数功能：LED关闭
  35          *备    注：
  36          *******************************************/
  37          void LED_off(void)
  38          {
  39   1        LED = 0;  //关闭LED
  40   1      }


MODULE INFORMATION:   STATIC OVERLAYABLE
   CODE SIZE        =      9    ----
   CONSTANT SIZE    =   ----    ----
   XDATA SIZE       =   ----    ----
   PDATA SIZE       =   ----    ----
   DATA SIZE        =   ----    ----
   IDATA SIZE       =   ----    ----
   BIT SIZE         =   ----    ----
END OF MODULE INFORMATION.


C51 COMPILATION COMPLETE.  0 WARNING(S),  0 ERROR(S)
