C51 COMPILER V9.52.0.0   UART                                                              02/22/2019 20:06:03 PAGE 1   


C51 COMPILER V9.52.0.0, COMPILATION OF MODULE UART
OBJECT MODULE PLACED IN .\objects\uart.obj
COMPILER INVOKED BY: C:\Keil\C51\BIN\C51.EXE uart\uart.c LARGE BROWSE INCDIR(.\eeprom;.\IR;.\uart;.\delay;.\buzzer;.\rtc
                    -;.\pw_switch;.\time2) DEBUG OBJECTEXTEND PRINT(.\objects\uart.lst) TABS(2) OBJECT(.\objects\uart.obj)

line level    source

   1          #include "uart.h"
   2          
   3          
   4          /******************************************
   5          *函数名称：uart_init
   6          *输入参数：无
   7          *输出参数：无
   8          *函数功能：串口设置为: 波特率9600、数据位8、停止位1、奇偶校验无
   9          *备    注：使用的晶振是11.0592MHz的，注意12MHz和24MHz的不行
  10          *******************************************/
  11          void uart_init(void)
  12          {
  13   1                          // 波特率9600
  14   1        SCON = 0x50;      // 串口工作在模式1（8位串口）、允许接收
  15   1        PCON = 0x00;      // 波特率不加倍
  16   1      
  17   1                          // 通信波特率相关的设置
  18   1        TMOD = 0x20;      // 设置T1为模式2
  19   1        TH1 = 253;
  20   1        TL1 = 253;        // 8位自动重装，意思就是TH1用完了之后下一个周期TL1会
  21   1                          // 自动重装到TH1去
  22   1      
  23   1        TR1 = 1;          // 开启T1让它开始工作
  24   1        
  25   1        ES = 1;
  26   1        EA = 1;
  27   1      }
  28          
  29          
  30          /******************************************
  31          *函数名称：uart_send_byte
  32          *输入参数：要发送的数据
  33          *输出参数：无
  34          *函数功能：串口发送一个字节的数据
  35          *备    注：
  36          *******************************************/
  37          void uart_send_byte(unsigned char c)
  38          {
  39   1            
  40   1         ES=0;           //关闭串口中断
  41   1         SBUF = c;
  42   1                 
  43   1         while (!TI);    //等待发送完成
  44   1      
  45   1         TI = 0;         //清除中断发送标志
  46   1         ES=0;           //打开串口中断
  47   1      }
  48          
  49          
  50          /******************************************
  51          *函数名称：UART1_SendString
  52          *输入参数：要发送的字符串
  53          *输出参数：无
  54          *函数功能：发送字符串
C51 COMPILER V9.52.0.0   UART                                                              02/22/2019 20:06:03 PAGE 2   

  55          *备    注：
  56          *******************************************/
  57          void UART1_SendString(char *s)
  58          {
  59   1          while(*s)
  60   1          {
  61   2              uart_send_byte(*s++);
  62   2          }
  63   1      }
  64          
  65          
  66          /******************************************
  67          *函数名称：putchar
  68          *输入参数：要发送的数据
  69          *输出参数：返回要发送的数据
  70          *函数功能：重定向printf函数
  71          *备    注：
  72          *******************************************/
  73          char putchar(char c)
  74          {
  75   1          uart_send_byte(c);
  76   1          return c;
  77   1      }


MODULE INFORMATION:   STATIC OVERLAYABLE
   CODE SIZE        =     91    ----
   CONSTANT SIZE    =   ----    ----
   XDATA SIZE       =   ----       3
   PDATA SIZE       =   ----    ----
   DATA SIZE        =   ----    ----
   IDATA SIZE       =   ----    ----
   BIT SIZE         =   ----    ----
END OF MODULE INFORMATION.


C51 COMPILATION COMPLETE.  0 WARNING(S),  0 ERROR(S)
